Using pre-set license
Built from '2020.3/staging' branch; Version is '2020.3.9f1 (108be757e447) revision 1084391'; Using compiler version '192528614'; Build Type 'Release'
OS: 'Windows 10 Home Single Language; OS build 19042.985; Version 2009; 64bit' Language: 'en' Physical Memory: 32703 MB
BatchMode: 1, IsHumanControllingUs: 0, StartBugReporterOnCrash: 0, Is64bit: 1, IsPro: 0

 COMMAND LINE ARGUMENTS:
C:\Program Files\Unity\Hub\Editor\2020.3.9f1\Editor\Unity.exe
-adb2
-batchMode
-noUpm
-name
AssetImportWorker0
-projectPath
C:/Users/grumb/Documents/GitHub/FPSUnityDemo/FPSUnityDemo
-logFile
Logs/AssetImportWorker0.log
-srvPort
55294
Successfully changed project path to: C:/Users/grumb/Documents/GitHub/FPSUnityDemo/FPSUnityDemo
C:/Users/grumb/Documents/GitHub/FPSUnityDemo/FPSUnityDemo
Using Asset Import Pipeline V2.
Refreshing native plugins compatible for Editor in 16.64 ms, found 0 plugins.
Preloading 0 native plugins for Editor in 0.00 ms.
Initialize engine version: 2020.3.9f1 (108be757e447)
[Subsystems] Discovering subsystems at path C:/Program Files/Unity/Hub/Editor/2020.3.9f1/Editor/Data/Resources/UnitySubsystems
[Subsystems] Discovering subsystems at path C:/Users/grumb/Documents/GitHub/FPSUnityDemo/FPSUnityDemo/Assets
GfxDevice: creating device client; threaded=0
Direct3D:
    Version:  Direct3D 11.0 [level 11.1]
    Renderer: NVIDIA GeForce RTX 3070 (ID=0x2484)
    Vendor:   
    VRAM:     8043 MB
    Driver:   27.21.14.5751
Initialize mono
Mono path[0] = 'C:/Program Files/Unity/Hub/Editor/2020.3.9f1/Editor/Data/Managed'
Mono path[1] = 'C:/Program Files/Unity/Hub/Editor/2020.3.9f1/Editor/Data/MonoBleedingEdge/lib/mono/unityjit'
Mono config path = 'C:/Program Files/Unity/Hub/Editor/2020.3.9f1/Editor/Data/MonoBleedingEdge/etc'
Using monoOptions --debugger-agent=transport=dt_socket,embedding=1,server=y,suspend=n,address=127.0.0.1:56612
Begin MonoManager ReloadAssembly
Registering precompiled unity dll's ...
Register platform support module: C:/Program Files/Unity/Hub/Editor/2020.3.9f1/Editor/Data/PlaybackEngines/WindowsStandaloneSupport/UnityEditor.WindowsStandalone.Extensions.dll
Register platform support module: C:/Program Files/Unity/Hub/Editor/2020.3.9f1/Editor/Data/PlaybackEngines/LinuxStandaloneSupport/UnityEditor.LinuxStandalone.Extensions.dll
Registered in 0.001790 seconds.
Native extension for LinuxStandalone target not found
Native extension for WindowsStandalone target not found
Refreshing native plugins compatible for Editor in 15.93 ms, found 0 plugins.
Preloading 0 native plugins for Editor in 0.00 ms.
Mono: successfully reloaded assembly
- Completed reload, in  1.244 seconds
Platform modules already initialized, skipping
Registering precompiled user dll's ...
Registered in 0.000559 seconds.
Begin MonoManager ReloadAssembly
Native extension for LinuxStandalone target not found
Native extension for WindowsStandalone target not found
Refreshing native plugins compatible for Editor in 0.21 ms, found 0 plugins.
Preloading 0 native plugins for Editor in 0.00 ms.
Mono: successfully reloaded assembly
- Completed reload, in  0.518 seconds
Platform modules already initialized, skipping
========================================================================
Worker process is ready to serve import requests
Launched and connected shader compiler UnityShaderCompiler.exe after 0.03 seconds
Refreshing native plugins compatible for Editor in 0.21 ms, found 0 plugins.
Preloading 0 native plugins for Editor in 0.00 ms.
Unloading 1122 Unused Serialized files (Serialized files now loaded: 0)
System memory in use before: 57.2 MB.
System memory in use after: 57.3 MB.

Unloading 9 unused Assets to reduce memory usage. Loaded Objects now: 1565.
Total: 1.719100 ms (FindLiveObjects: 0.153700 ms CreateObjectMapping: 0.054600 ms MarkObjects: 1.461600 ms  DeleteObjects: 0.048600 ms)

========================================================================
Received Import Request.
  path: Assets/Scripts
  artifactKey: Guid(3caa2b9dd856ea94d8605b93e7fab5cd) Importer(815301076,1909f56bfc062723c751e8b465ee728b)
Start importing Assets/Scripts using Guid(3caa2b9dd856ea94d8605b93e7fab5cd) Importer(815301076,1909f56bfc062723c751e8b465ee728b)  -> (artifact id: 'a418ba0fcfb2708ba3b80da47dac0dc4') in 0.007040 seconds
  Import took 0.008452 seconds .

========================================================================
Received Import Request.
  Time since last request: 408.331211 seconds.
  path: Assets/Resources/Dart Frog_FirstPerson.blend
  artifactKey: Guid(941a887eec3d69e418951c88d3511374) Importer(815301076,1909f56bfc062723c751e8b465ee728b)
Start importing Assets/Resources/Dart Frog_FirstPerson.blend using Guid(941a887eec3d69e418951c88d3511374) Importer(815301076,1909f56bfc062723c751e8b465ee728b)  -> (artifact id: 'd0ba218d4d7331be9a03c672979309a4') in 0.262784 seconds
  Import took 0.265936 seconds .

========================================================================
Received Import Request.
  Time since last request: 0.000134 seconds.
  path: Assets/Resources/Material.002.mat
  artifactKey: Guid(8af4468fbcd314048b828775ea1c9b7e) Importer(815301076,1909f56bfc062723c751e8b465ee728b)
Start importing Assets/Resources/Material.002.mat using Guid(8af4468fbcd314048b828775ea1c9b7e) Importer(815301076,1909f56bfc062723c751e8b465ee728b)  -> (artifact id: '42cce8b47cc60c1dc0aadac080ba6173') in 0.022079 seconds
  Import took 0.023699 seconds .

========================================================================
Received Import Request.
  Time since last request: 0.000125 seconds.
  path: Assets/Resources/Material.001.mat
  artifactKey: Guid(95e63f008e7b786478f308e9c3acc998) Importer(815301076,1909f56bfc062723c751e8b465ee728b)
Start importing Assets/Resources/Material.001.mat using Guid(95e63f008e7b786478f308e9c3acc998) Importer(815301076,1909f56bfc062723c751e8b465ee728b)  -> (artifact id: '24e2aa6181faae5d9cc6ba119c7db4ed') in 0.009356 seconds
  Import took 0.010843 seconds .

========================================================================
Received Import Request.
  Time since last request: 1180.127794 seconds.
  path: Assets/Resources/Material.002.mat
  artifactKey: Guid(8af4468fbcd314048b828775ea1c9b7e) Importer(815301076,1909f56bfc062723c751e8b465ee728b)
Start importing Assets/Resources/Material.002.mat using Guid(8af4468fbcd314048b828775ea1c9b7e) Importer(815301076,1909f56bfc062723c751e8b465ee728b)  -> (artifact id: '8e71c567cb9de5ad1a6e562f35800f6d') in 0.013447 seconds
  Import took 0.015492 seconds .

========================================================================
Received Import Request.
  Time since last request: 57.812244 seconds.
  path: Assets/Scenes
  artifactKey: Guid(2f5eb10edf7e65f478946768fde19de8) Importer(815301076,1909f56bfc062723c751e8b465ee728b)
Start importing Assets/Scenes using Guid(2f5eb10edf7e65f478946768fde19de8) Importer(815301076,1909f56bfc062723c751e8b465ee728b)  -> (artifact id: 'cbd069d8351a8b3f55b48f5ed74a1799') in 0.005553 seconds
  Import took 0.007368 seconds .

========================================================================
Received Import Request.
  Time since last request: 0.000610 seconds.
  path: Assets/Scenes
  artifactKey: Guid(2f5eb10edf7e65f478946768fde19de8) Importer(815301076,1909f56bfc062723c751e8b465ee728b)
Start importing Assets/Scenes using Guid(2f5eb10edf7e65f478946768fde19de8) Importer(815301076,1909f56bfc062723c751e8b465ee728b)  -> (artifact id: 'cbd069d8351a8b3f55b48f5ed74a1799') in 0.001589 seconds
  Import took 0.003190 seconds .

========================================================================
Received Import Request.
  Time since last request: 3.981981 seconds.
  path: Assets/_TerrainAutoUpgrade
  artifactKey: Guid(51ee64ae5adfa0341bb572b175aa3579) Importer(815301076,1909f56bfc062723c751e8b465ee728b)
Start importing Assets/_TerrainAutoUpgrade using Guid(51ee64ae5adfa0341bb572b175aa3579) Importer(815301076,1909f56bfc062723c751e8b465ee728b)  -> (artifact id: '55e3466614466c3713b6d64bc521398b') in 0.005719 seconds
  Import took 0.007652 seconds .

========================================================================
Received Import Request.
  Time since last request: 0.967496 seconds.
  path: Assets/Plugins
  artifactKey: Guid(f13a41372cb1ad14a9661872f13dacd9) Importer(815301076,1909f56bfc062723c751e8b465ee728b)
Start importing Assets/Plugins using Guid(f13a41372cb1ad14a9661872f13dacd9) Importer(815301076,1909f56bfc062723c751e8b465ee728b)  -> (artifact id: '215017e34095914a791070cbde44a823') in 0.005877 seconds
  Import took 0.007713 seconds .

========================================================================
Received Import Request.
  Time since last request: 0.000296 seconds.
  path: Assets/Plugins
  artifactKey: Guid(f13a41372cb1ad14a9661872f13dacd9) Importer(815301076,1909f56bfc062723c751e8b465ee728b)
Start importing Assets/Plugins using Guid(f13a41372cb1ad14a9661872f13dacd9) Importer(815301076,1909f56bfc062723c751e8b465ee728b)  -> (artifact id: '215017e34095914a791070cbde44a823') in 0.001823 seconds
  Import took 0.003266 seconds .

========================================================================
Received Import Request.
  Time since last request: 68.447214 seconds.
  path: Assets/Plugins/RootMotion/FinalIK/_DEMOS/Aim IK
  artifactKey: Guid(8229c851ad90cd044a2a9ba885df7a8c) Importer(815301076,1909f56bfc062723c751e8b465ee728b)
Start importing Assets/Plugins/RootMotion/FinalIK/_DEMOS/Aim IK using Guid(8229c851ad90cd044a2a9ba885df7a8c) Importer(815301076,1909f56bfc062723c751e8b465ee728b)  -> (artifact id: 'c820d8355d79fc6768f0494671fe6bd5') in 0.005863 seconds
  Import took 0.007642 seconds .

========================================================================
Received Import Request.
  Time since last request: 1.392339 seconds.
  path: Assets/Plugins/RootMotion/FinalIK/_DEMOS/Aim IK/Aim Boxing.unity
  artifactKey: Guid(723636789bb96481ba1f2aad8b8837e9) Importer(815301076,1909f56bfc062723c751e8b465ee728b)
Start importing Assets/Plugins/RootMotion/FinalIK/_DEMOS/Aim IK/Aim Boxing.unity using Guid(723636789bb96481ba1f2aad8b8837e9) Importer(815301076,1909f56bfc062723c751e8b465ee728b)  -> (artifact id: '6d4657510321b2d1bfcb0504a0cd4368') in 0.006030 seconds
  Import took 0.007788 seconds .

========================================================================
Received Import Request.
  Time since last request: 0.931330 seconds.
  path: Assets/Plugins/RootMotion/FinalIK/_DEMOS/Aim IK/Aim Controller.unity
  artifactKey: Guid(f097b72f6aff88c4c8120011f31f3891) Importer(815301076,1909f56bfc062723c751e8b465ee728b)
Start importing Assets/Plugins/RootMotion/FinalIK/_DEMOS/Aim IK/Aim Controller.unity using Guid(f097b72f6aff88c4c8120011f31f3891) Importer(815301076,1909f56bfc062723c751e8b465ee728b)  -> (artifact id: '490e0478ac4ced7fba4cfa49d59b941e') in 0.006529 seconds
  Import took 0.008700 seconds .

========================================================================
Received Import Request.
  Time since last request: 0.000218 seconds.
  path: Assets/Plugins/RootMotion/FinalIK/_DEMOS/Aim IK/Aim Controller.unity
  artifactKey: Guid(f097b72f6aff88c4c8120011f31f3891) Importer(815301076,1909f56bfc062723c751e8b465ee728b)
Start importing Assets/Plugins/RootMotion/FinalIK/_DEMOS/Aim IK/Aim Controller.unity using Guid(f097b72f6aff88c4c8120011f31f3891) Importer(815301076,1909f56bfc062723c751e8b465ee728b)  -> (artifact id: '490e0478ac4ced7fba4cfa49d59b941e') in 0.001777 seconds
  Import took 0.003351 seconds .

========================================================================
Received Import Request.
  Time since last request: 0.425883 seconds.
  path: Assets/Plugins/RootMotion/FinalIK/_DEMOS/Aim IK/Aim Swing.unity
  artifactKey: Guid(dfa34265300d7414bbf930eaa6bfb70e) Importer(815301076,1909f56bfc062723c751e8b465ee728b)
Start importing Assets/Plugins/RootMotion/FinalIK/_DEMOS/Aim IK/Aim Swing.unity using Guid(dfa34265300d7414bbf930eaa6bfb70e) Importer(815301076,1909f56bfc062723c751e8b465ee728b)  -> (artifact id: '332330c71dad09479db487246064a2fb') in 0.006648 seconds
  Import took 0.008468 seconds .

========================================================================
Received Import Request.
  Time since last request: 0.375548 seconds.
  path: Assets/Plugins/RootMotion/FinalIK/_DEMOS/Aim IK/AimIK Pole.unity
  artifactKey: Guid(4cb81a7ab90c447829d4d26f8ca89245) Importer(815301076,1909f56bfc062723c751e8b465ee728b)
Start importing Assets/Plugins/RootMotion/FinalIK/_DEMOS/Aim IK/AimIK Pole.unity using Guid(4cb81a7ab90c447829d4d26f8ca89245) Importer(815301076,1909f56bfc062723c751e8b465ee728b)  -> (artifact id: 'a715449f2767340bab53e1299e9658e0') in 0.006332 seconds
  Import took 0.008052 seconds .

========================================================================
Received Import Request.
  Time since last request: 0.689737 seconds.
  path: Assets/Plugins/RootMotion/FinalIK/_DEMOS/Aim IK/Second Hand On Gun.unity
  artifactKey: Guid(76a7b3578da45e14fbb46967d1abd801) Importer(815301076,1909f56bfc062723c751e8b465ee728b)
Start importing Assets/Plugins/RootMotion/FinalIK/_DEMOS/Aim IK/Second Hand On Gun.unity using Guid(76a7b3578da45e14fbb46967d1abd801) Importer(815301076,1909f56bfc062723c751e8b465ee728b)  -> (artifact id: '5870e43f7fe6f802168cb5a2f782e6d3') in 0.006162 seconds
  Import took 0.008165 seconds .

========================================================================
Received Import Request.
  Time since last request: 0.000298 seconds.
  path: Assets/Plugins/RootMotion/FinalIK/_DEMOS/Aim IK/Second Hand On Gun.unity
  artifactKey: Guid(76a7b3578da45e14fbb46967d1abd801) Importer(815301076,1909f56bfc062723c751e8b465ee728b)
Start importing Assets/Plugins/RootMotion/FinalIK/_DEMOS/Aim IK/Second Hand On Gun.unity using Guid(76a7b3578da45e14fbb46967d1abd801) Importer(815301076,1909f56bfc062723c751e8b465ee728b)  -> (artifact id: '5870e43f7fe6f802168cb5a2f782e6d3') in 0.002212 seconds
  Import took 0.003718 seconds .

========================================================================
Received Import Request.
  Time since last request: 0.605954 seconds.
  path: Assets/Plugins/RootMotion/FinalIK/_DEMOS/Aim IK/Terrain Offset.unity
  artifactKey: Guid(625128834590c457595556a63cd0d2fc) Importer(815301076,1909f56bfc062723c751e8b465ee728b)
Start importing Assets/Plugins/RootMotion/FinalIK/_DEMOS/Aim IK/Terrain Offset.unity using Guid(625128834590c457595556a63cd0d2fc) Importer(815301076,1909f56bfc062723c751e8b465ee728b)  -> (artifact id: '823f9b482c347c130e962880993efd95') in 0.006212 seconds
  Import took 0.008046 seconds .

========================================================================
Received Import Request.
  Time since last request: 31.205227 seconds.
  path: Assets/Plugins/RootMotion/FinalIK/_DEMOS/Aim IK/Scripts
  artifactKey: Guid(7a2af3d7e2f50d2458c893c63a1ab835) Importer(815301076,1909f56bfc062723c751e8b465ee728b)
Start importing Assets/Plugins/RootMotion/FinalIK/_DEMOS/Aim IK/Scripts using Guid(7a2af3d7e2f50d2458c893c63a1ab835) Importer(815301076,1909f56bfc062723c751e8b465ee728b)  -> (artifact id: '1b5e74b0438f7959c7824784dcb0852a') in 0.006808 seconds
  Import took 0.008495 seconds .

========================================================================
Received Import Request.
  Time since last request: 7.824992 seconds.
  path: Assets/Scripts/Character.cs
  artifactKey: Guid(4d5695124a809064cade62db3487d44b) Importer(815301076,1909f56bfc062723c751e8b465ee728b)
Start importing Assets/Scripts/Character.cs using Guid(4d5695124a809064cade62db3487d44b) Importer(815301076,1909f56bfc062723c751e8b465ee728b)  -> (artifact id: '75361e3877a4b4dab7caf7f8c863cb91') in 0.008045 seconds
  Import took 0.009751 seconds .

========================================================================
Received Prepare
Registering precompiled user dll's ...
Registered in 0.000410 seconds.
Begin MonoManager ReloadAssembly
Native extension for LinuxStandalone target not found
Native extension for WindowsStandalone target not found
Refreshing native plugins compatible for Editor in 0.27 ms, found 0 plugins.
Preloading 0 native plugins for Editor in 0.00 ms.
Mono: successfully reloaded assembly
- Completed reload, in  0.526 seconds
Platform modules already initialized, skipping
Refreshing native plugins compatible for Editor in 0.24 ms, found 0 plugins.
Preloading 0 native plugins for Editor in 0.00 ms.
Unloading 1358 Unused Serialized files (Serialized files now loaded: 0)
System memory in use before: 81.1 MB.
System memory in use after: 81.2 MB.

Unloading 5 unused Assets to reduce memory usage. Loaded Objects now: 1854.
Total: 1.565000 ms (FindLiveObjects: 0.130900 ms CreateObjectMapping: 0.033800 ms MarkObjects: 1.381600 ms  DeleteObjects: 0.017900 ms)

========================================================================
Received Prepare
Registering precompiled user dll's ...
Registered in 0.000589 seconds.
Begin MonoManager ReloadAssembly
Native extension for LinuxStandalone target not found
Native extension for WindowsStandalone target not found
Refreshing native plugins compatible for Editor in 0.28 ms, found 0 plugins.
Preloading 0 native plugins for Editor in 0.00 ms.
Mono: successfully reloaded assembly
- Completed reload, in  0.519 seconds
Platform modules already initialized, skipping
Refreshing native plugins compatible for Editor in 0.25 ms, found 0 plugins.
Preloading 0 native plugins for Editor in 0.00 ms.
Unloading 1358 Unused Serialized files (Serialized files now loaded: 0)
System memory in use before: 81.1 MB.
System memory in use after: 81.2 MB.

Unloading 4 unused Assets to reduce memory usage. Loaded Objects now: 1857.
Total: 1.493300 ms (FindLiveObjects: 0.162400 ms CreateObjectMapping: 0.036900 ms MarkObjects: 1.282600 ms  DeleteObjects: 0.010600 ms)

========================================================================
Received Import Request.
  Time since last request: 896.052744 seconds.
  path: Assets/Plugins/RootMotion/FinalIK/_DEMOS/Aim IK/Scripts/SecondHandOnGun.cs
  artifactKey: Guid(197630ec716e8f54d8547033d33eb8ad) Importer(815301076,1909f56bfc062723c751e8b465ee728b)
Start importing Assets/Plugins/RootMotion/FinalIK/_DEMOS/Aim IK/Scripts/SecondHandOnGun.cs using Guid(197630ec716e8f54d8547033d33eb8ad) Importer(815301076,1909f56bfc062723c751e8b465ee728b)  -> (artifact id: '1a6610c24f8b5dfc9c783f187d0419f5') in 0.008001 seconds
  Import took 0.010071 seconds .

========================================================================
Received Prepare
Registering precompiled user dll's ...
Registered in 0.000643 seconds.
Begin MonoManager ReloadAssembly
Native extension for LinuxStandalone target not found
Native extension for WindowsStandalone target not found
Refreshing native plugins compatible for Editor in 0.28 ms, found 0 plugins.
Preloading 0 native plugins for Editor in 0.00 ms.
Mono: successfully reloaded assembly
- Completed reload, in  0.523 seconds
Platform modules already initialized, skipping
Refreshing native plugins compatible for Editor in 0.27 ms, found 0 plugins.
Preloading 0 native plugins for Editor in 0.00 ms.
Unloading 1358 Unused Serialized files (Serialized files now loaded: 0)
System memory in use before: 81.1 MB.
System memory in use after: 81.2 MB.

Unloading 4 unused Assets to reduce memory usage. Loaded Objects now: 1860.
Total: 1.616000 ms (FindLiveObjects: 0.118700 ms CreateObjectMapping: 0.030800 ms MarkObjects: 1.455200 ms  DeleteObjects: 0.010600 ms)

========================================================================
Received Import Request.
  Time since last request: 400.394313 seconds.
  path: Assets/Scenes/SampleScene.unity
  artifactKey: Guid(9fc0d4010bbf28b4594072e72b8655ab) Importer(815301076,1909f56bfc062723c751e8b465ee728b)
Start importing Assets/Scenes/SampleScene.unity using Guid(9fc0d4010bbf28b4594072e72b8655ab) Importer(815301076,1909f56bfc062723c751e8b465ee728b)  -> (artifact id: 'a63c480abf9642e46c3f3b9b8212f546') in 0.012802 seconds
  Import took 0.014907 seconds .

========================================================================
Received Import Request.
  Time since last request: 80.470790 seconds.
  path: Assets/Plugins/RootMotion/FinalIK/_DEMOS/Aim IK/Aim Weapon.unity
  artifactKey: Guid(912d260eace234ee1b283ba7f07dd3d7) Importer(815301076,1909f56bfc062723c751e8b465ee728b)
Start importing Assets/Plugins/RootMotion/FinalIK/_DEMOS/Aim IK/Aim Weapon.unity using Guid(912d260eace234ee1b283ba7f07dd3d7) Importer(815301076,1909f56bfc062723c751e8b465ee728b)  -> (artifact id: '4f7345007d51c77ff370be2b0075f9b8') in 0.006266 seconds
  Import took 0.008420 seconds .

========================================================================
Received Import Request.
  Time since last request: 0.000857 seconds.
  path: Assets/Plugins/RootMotion/FinalIK/_DEMOS/Aim IK/Aim Weapon.unity
  artifactKey: Guid(912d260eace234ee1b283ba7f07dd3d7) Importer(815301076,1909f56bfc062723c751e8b465ee728b)
Start importing Assets/Plugins/RootMotion/FinalIK/_DEMOS/Aim IK/Aim Weapon.unity using Guid(912d260eace234ee1b283ba7f07dd3d7) Importer(815301076,1909f56bfc062723c751e8b465ee728b)  -> (artifact id: '4f7345007d51c77ff370be2b0075f9b8') in 0.002177 seconds
  Import took 0.003561 seconds .

========================================================================
Received Import Request.
  Time since last request: 51.637889 seconds.
  path: Assets/Scenes/SampleScene.unity
  artifactKey: Guid(9fc0d4010bbf28b4594072e72b8655ab) Importer(815301076,1909f56bfc062723c751e8b465ee728b)
Start importing Assets/Scenes/SampleScene.unity using Guid(9fc0d4010bbf28b4594072e72b8655ab) Importer(815301076,1909f56bfc062723c751e8b465ee728b)  -> (artifact id: '413001bcaf6a1283215da91bed3e504b') in 0.002285 seconds
  Import took 0.004202 seconds .

========================================================================
Received Prepare
Registering precompiled user dll's ...
Registered in 0.000502 seconds.
Begin MonoManager ReloadAssembly
Native extension for LinuxStandalone target not found
Native extension for WindowsStandalone target not found
Refreshing native plugins compatible for Editor in 0.27 ms, found 0 plugins.
Preloading 0 native plugins for Editor in 0.00 ms.
Mono: successfully reloaded assembly
- Completed reload, in  0.501 seconds
Platform modules already initialized, skipping
Refreshing native plugins compatible for Editor in 0.24 ms, found 0 plugins.
Preloading 0 native plugins for Editor in 0.00 ms.
Unloading 1358 Unused Serialized files (Serialized files now loaded: 0)
System memory in use before: 81.1 MB.
System memory in use after: 81.2 MB.

Unloading 4 unused Assets to reduce memory usage. Loaded Objects now: 1863.
Total: 1.505700 ms (FindLiveObjects: 0.137700 ms CreateObjectMapping: 0.034900 ms MarkObjects: 1.322100 ms  DeleteObjects: 0.010300 ms)

========================================================================
Received Import Request.
  Time since last request: 984.712302 seconds.
  path: Assets/Resources/Dart Frog_FirstPerson.blend
  artifactKey: Guid(941a887eec3d69e418951c88d3511374) Importer(815301076,1909f56bfc062723c751e8b465ee728b)
Start importing Assets/Resources/Dart Frog_FirstPerson.blend using Guid(941a887eec3d69e418951c88d3511374) Importer(815301076,1909f56bfc062723c751e8b465ee728b)  -> (artifact id: '09adbd2429e421cf5b694297e4582752') in 0.255546 seconds
  Import took 0.259223 seconds .

========================================================================
Received Import Request.
  Time since last request: 95.206303 seconds.
  path: Assets/Resources/FirstPerson.controller
  artifactKey: Guid(7ae3a09555742704390a5d277998c7eb) Importer(815301076,1909f56bfc062723c751e8b465ee728b)
Start importing Assets/Resources/FirstPerson.controller using Guid(7ae3a09555742704390a5d277998c7eb) Importer(815301076,1909f56bfc062723c751e8b465ee728b)  -> (artifact id: '1186ecd868c25981b092f66864d0368a') in 0.008220 seconds
  Import took 0.010704 seconds .

========================================================================
Received Import Request.
  Time since last request: 58.472302 seconds.
  path: Assets/Resources/Dart Frog_FirstPerson.blend
  artifactKey: Guid(941a887eec3d69e418951c88d3511374) Importer(815301076,1909f56bfc062723c751e8b465ee728b)
Start importing Assets/Resources/Dart Frog_FirstPerson.blend using Guid(941a887eec3d69e418951c88d3511374) Importer(815301076,1909f56bfc062723c751e8b465ee728b)  -> (artifact id: 'b1051d2c2151e250632d19a3028f6d21') in 0.154418 seconds
  Import took 0.158062 seconds .

========================================================================
Received Import Request.
  Time since last request: 0.000715 seconds.
  path: Assets/Resources/Dart Frog_FirstPerson.blend
  artifactKey: Guid(941a887eec3d69e418951c88d3511374) Importer(815301076,1909f56bfc062723c751e8b465ee728b)
Start importing Assets/Resources/Dart Frog_FirstPerson.blend using Guid(941a887eec3d69e418951c88d3511374) Importer(815301076,1909f56bfc062723c751e8b465ee728b)  -> (artifact id: 'b1051d2c2151e250632d19a3028f6d21') in 0.187338 seconds
  Import took 0.190889 seconds .

========================================================================
Received Import Request.
  Time since last request: 41.015138 seconds.
  path: Assets/Resources/FirstPerson.controller
  artifactKey: Guid(7ae3a09555742704390a5d277998c7eb) Importer(815301076,1909f56bfc062723c751e8b465ee728b)
Start importing Assets/Resources/FirstPerson.controller using Guid(7ae3a09555742704390a5d277998c7eb) Importer(815301076,1909f56bfc062723c751e8b465ee728b)  -> (artifact id: '77209fab9e54e171e39ee73c0eee315b') in 0.005492 seconds
  Import took 0.007698 seconds .

========================================================================
Received Prepare
Registering precompiled user dll's ...
Registered in 0.000478 seconds.
Begin MonoManager ReloadAssembly
Native extension for LinuxStandalone target not found
Native extension for WindowsStandalone target not found
Refreshing native plugins compatible for Editor in 0.28 ms, found 0 plugins.
Preloading 0 native plugins for Editor in 0.00 ms.
Mono: successfully reloaded assembly
- Completed reload, in  0.502 seconds
Platform modules already initialized, skipping
Refreshing native plugins compatible for Editor in 0.24 ms, found 0 plugins.
Preloading 0 native plugins for Editor in 0.00 ms.
Unloading 1358 Unused Serialized files (Serialized files now loaded: 0)
System memory in use before: 81.6 MB.
System memory in use after: 81.7 MB.

Unloading 5 unused Assets to reduce memory usage. Loaded Objects now: 1867.
Total: 1.569800 ms (FindLiveObjects: 0.132300 ms CreateObjectMapping: 0.032400 ms MarkObjects: 1.391000 ms  DeleteObjects: 0.013600 ms)

========================================================================
Received Prepare
Registering precompiled user dll's ...
Registered in 0.000592 seconds.
Begin MonoManager ReloadAssembly
Native extension for LinuxStandalone target not found
Native extension for WindowsStandalone target not found
Refreshing native plugins compatible for Editor in 0.28 ms, found 0 plugins.
Preloading 0 native plugins for Editor in 0.00 ms.
Mono: successfully reloaded assembly
- Completed reload, in  0.510 seconds
Platform modules already initialized, skipping
Refreshing native plugins compatible for Editor in 0.23 ms, found 0 plugins.
Preloading 0 native plugins for Editor in 0.00 ms.
Unloading 1358 Unused Serialized files (Serialized files now loaded: 0)
System memory in use before: 81.6 MB.
System memory in use after: 81.7 MB.

Unloading 4 unused Assets to reduce memory usage. Loaded Objects now: 1870.
Total: 1.565000 ms (FindLiveObjects: 0.142700 ms CreateObjectMapping: 0.034800 ms MarkObjects: 1.375900 ms  DeleteObjects: 0.010900 ms)

========================================================================
Received Import Request.
  Time since last request: 10659.931761 seconds.
  path: Assets/Scripts/Character.cs
  artifactKey: Guid(4d5695124a809064cade62db3487d44b) Importer(815301076,1909f56bfc062723c751e8b465ee728b)
Start importing Assets/Scripts/Character.cs using Guid(4d5695124a809064cade62db3487d44b) Importer(815301076,1909f56bfc062723c751e8b465ee728b)  -> (artifact id: 'a78cece5bba3cec81fc83dd6f6f01bf2') in 0.008175 seconds
  Import took 0.010240 seconds .

========================================================================
Received Import Request.
  Time since last request: 0.014237 seconds.
  path: Assets/Scripts/Character.cs
  artifactKey: Guid(4d5695124a809064cade62db3487d44b) Importer(815301076,1909f56bfc062723c751e8b465ee728b)
Start importing Assets/Scripts/Character.cs using Guid(4d5695124a809064cade62db3487d44b) Importer(815301076,1909f56bfc062723c751e8b465ee728b)  -> (artifact id: 'a78cece5bba3cec81fc83dd6f6f01bf2') in 0.001618 seconds
  Import took 0.003193 seconds .

========================================================================
Received Import Request.
  Time since last request: 5.939355 seconds.
  path: Assets/Scripts/CharacterTest.cs
  artifactKey: Guid(4d5695124a809064cade62db3487d44b) Importer(815301076,1909f56bfc062723c751e8b465ee728b)
Start importing Assets/Scripts/CharacterTest.cs using Guid(4d5695124a809064cade62db3487d44b) Importer(815301076,1909f56bfc062723c751e8b465ee728b)  -> (artifact id: 'fc8969d48ebb420de5a1483bdbcfd00e') in 0.005140 seconds
  Import took 0.007124 seconds .

========================================================================
Received Prepare
Registering precompiled user dll's ...
Registered in 0.000426 seconds.
Begin MonoManager ReloadAssembly
Native extension for LinuxStandalone target not found
Native extension for WindowsStandalone target not found
Refreshing native plugins compatible for Editor in 0.27 ms, found 0 plugins.
Preloading 0 native plugins for Editor in 0.00 ms.
Mono: successfully reloaded assembly
- Completed reload, in  0.498 seconds
Platform modules already initialized, skipping
Refreshing native plugins compatible for Editor in 0.24 ms, found 0 plugins.
Preloading 0 native plugins for Editor in 0.00 ms.
Unloading 1358 Unused Serialized files (Serialized files now loaded: 0)
System memory in use before: 81.6 MB.
System memory in use after: 81.7 MB.

Unloading 4 unused Assets to reduce memory usage. Loaded Objects now: 1873.
Total: 1.400900 ms (FindLiveObjects: 0.125200 ms CreateObjectMapping: 0.029100 ms MarkObjects: 1.234800 ms  DeleteObjects: 0.010900 ms)

========================================================================
Received Import Request.
  Time since last request: 8.506690 seconds.
  path: Assets/Scripts/Character.cs
  artifactKey: Guid(d540e48202147a54fa83a3c26fc35ed6) Importer(815301076,1909f56bfc062723c751e8b465ee728b)
Start importing Assets/Scripts/Character.cs using Guid(d540e48202147a54fa83a3c26fc35ed6) Importer(815301076,1909f56bfc062723c751e8b465ee728b)  -> (artifact id: '35ec97c9a4ca750b4bee3bb099d724e7') in 0.004042 seconds
  Import took 0.006046 seconds .

========================================================================
Received Prepare
Registering precompiled user dll's ...
Registered in 0.000537 seconds.
Begin MonoManager ReloadAssembly
Native extension for LinuxStandalone target not found
Native extension for WindowsStandalone target not found
Refreshing native plugins compatible for Editor in 0.26 ms, found 0 plugins.
Preloading 0 native plugins for Editor in 0.00 ms.
Mono: successfully reloaded assembly
- Completed reload, in  0.497 seconds
Platform modules already initialized, skipping
Refreshing native plugins compatible for Editor in 0.25 ms, found 0 plugins.
Preloading 0 native plugins for Editor in 0.00 ms.
Unloading 1359 Unused Serialized files (Serialized files now loaded: 0)
System memory in use before: 81.6 MB.
System memory in use after: 81.7 MB.

Unloading 4 unused Assets to reduce memory usage. Loaded Objects now: 1877.
Total: 1.424200 ms (FindLiveObjects: 0.128900 ms CreateObjectMapping: 0.034700 ms MarkObjects: 1.248700 ms  DeleteObjects: 0.011200 ms)

========================================================================
Received Import Request.
  Time since last request: 28.398355 seconds.
  path: Assets/Scripts/CharacterTest.cs
  artifactKey: Guid(4d5695124a809064cade62db3487d44b) Importer(815301076,1909f56bfc062723c751e8b465ee728b)
Start importing Assets/Scripts/CharacterTest.cs using Guid(4d5695124a809064cade62db3487d44b) Importer(815301076,1909f56bfc062723c751e8b465ee728b)  -> (artifact id: 'd03bfaf3acdd6dc82ef9efa235364c49') in 0.005049 seconds
  Import took 0.006553 seconds .

========================================================================
Received Prepare
Registering precompiled user dll's ...
Registered in 0.000481 seconds.
Begin MonoManager ReloadAssembly
Native extension for LinuxStandalone target not found
Native extension for WindowsStandalone target not found
Refreshing native plugins compatible for Editor in 0.27 ms, found 0 plugins.
Preloading 0 native plugins for Editor in 0.00 ms.
Mono: successfully reloaded assembly
- Completed reload, in  0.496 seconds
Platform modules already initialized, skipping
Refreshing native plugins compatible for Editor in 0.22 ms, found 0 plugins.
Preloading 0 native plugins for Editor in 0.00 ms.
Unloading 1359 Unused Serialized files (Serialized files now loaded: 0)
System memory in use before: 81.6 MB.
System memory in use after: 81.7 MB.

Unloading 4 unused Assets to reduce memory usage. Loaded Objects now: 1880.
Total: 1.384200 ms (FindLiveObjects: 0.125600 ms CreateObjectMapping: 0.031300 ms MarkObjects: 1.217400 ms  DeleteObjects: 0.009300 ms)

========================================================================
Received Prepare
Registering precompiled user dll's ...
Registered in 0.000471 seconds.
Begin MonoManager ReloadAssembly
Native extension for LinuxStandalone target not found
Native extension for WindowsStandalone target not found
Refreshing native plugins compatible for Editor in 0.27 ms, found 0 plugins.
Preloading 0 native plugins for Editor in 0.00 ms.
Mono: successfully reloaded assembly
- Completed reload, in  0.512 seconds
Platform modules already initialized, skipping
Refreshing native plugins compatible for Editor in 0.39 ms, found 0 plugins.
Preloading 0 native plugins for Editor in 0.00 ms.
Unloading 1359 Unused Serialized files (Serialized files now loaded: 0)
System memory in use before: 81.6 MB.
System memory in use after: 81.7 MB.

Unloading 4 unused Assets to reduce memory usage. Loaded Objects now: 1883.
Total: 1.458700 ms (FindLiveObjects: 0.123800 ms CreateObjectMapping: 0.027100 ms MarkObjects: 1.297000 ms  DeleteObjects: 0.009900 ms)

========================================================================
Received Prepare
Registering precompiled user dll's ...
Registered in 0.000789 seconds.
Begin MonoManager ReloadAssembly
Native extension for LinuxStandalone target not found
Native extension for WindowsStandalone target not found
Refreshing native plugins compatible for Editor in 0.28 ms, found 0 plugins.
Preloading 0 native plugins for Editor in 0.00 ms.
Mono: successfully reloaded assembly
- Completed reload, in  0.516 seconds
Platform modules already initialized, skipping
Refreshing native plugins compatible for Editor in 0.23 ms, found 0 plugins.
Preloading 0 native plugins for Editor in 0.00 ms.
Unloading 1359 Unused Serialized files (Serialized files now loaded: 0)
System memory in use before: 81.6 MB.
System memory in use after: 81.7 MB.

Unloading 4 unused Assets to reduce memory usage. Loaded Objects now: 1886.
Total: 1.355600 ms (FindLiveObjects: 0.135200 ms CreateObjectMapping: 0.037700 ms MarkObjects: 1.171700 ms  DeleteObjects: 0.010400 ms)

========================================================================
Received Prepare
Registering precompiled user dll's ...
Registered in 0.000496 seconds.
Begin MonoManager ReloadAssembly
Native extension for LinuxStandalone target not found
Native extension for WindowsStandalone target not found
Refreshing native plugins compatible for Editor in 0.26 ms, found 0 plugins.
Preloading 0 native plugins for Editor in 0.00 ms.
Mono: successfully reloaded assembly
- Completed reload, in  0.535 seconds
Platform modules already initialized, skipping
Refreshing native plugins compatible for Editor in 0.24 ms, found 0 plugins.
Preloading 0 native plugins for Editor in 0.00 ms.
Unloading 1359 Unused Serialized files (Serialized files now loaded: 0)
System memory in use before: 81.6 MB.
System memory in use after: 81.7 MB.

Unloading 4 unused Assets to reduce memory usage. Loaded Objects now: 1889.
Total: 1.455900 ms (FindLiveObjects: 0.132900 ms CreateObjectMapping: 0.033700 ms MarkObjects: 1.278400 ms  DeleteObjects: 0.010100 ms)

========================================================================
Received Prepare
Registering precompiled user dll's ...
Registered in 0.000431 seconds.
Begin MonoManager ReloadAssembly
Native extension for LinuxStandalone target not found
Native extension for WindowsStandalone target not found
Refreshing native plugins compatible for Editor in 0.27 ms, found 0 plugins.
Preloading 0 native plugins for Editor in 0.00 ms.
Mono: successfully reloaded assembly
- Completed reload, in  0.506 seconds
Platform modules already initialized, skipping
Refreshing native plugins compatible for Editor in 0.24 ms, found 0 plugins.
Preloading 0 native plugins for Editor in 0.00 ms.
Unloading 1359 Unused Serialized files (Serialized files now loaded: 0)
System memory in use before: 81.6 MB.
System memory in use after: 81.8 MB.

Unloading 4 unused Assets to reduce memory usage. Loaded Objects now: 1892.
Total: 1.428600 ms (FindLiveObjects: 0.110200 ms CreateObjectMapping: 0.027700 ms MarkObjects: 1.279500 ms  DeleteObjects: 0.010500 ms)

========================================================================
Received Prepare
Registering precompiled user dll's ...
Registered in 0.000456 seconds.
Begin MonoManager ReloadAssembly
Native extension for LinuxStandalone target not found
Native extension for WindowsStandalone target not found
Refreshing native plugins compatible for Editor in 0.46 ms, found 0 plugins.
Preloading 0 native plugins for Editor in 0.00 ms.
Mono: successfully reloaded assembly
- Completed reload, in  0.514 seconds
Platform modules already initialized, skipping
Refreshing native plugins compatible for Editor in 0.23 ms, found 0 plugins.
Preloading 0 native plugins for Editor in 0.00 ms.
Unloading 1359 Unused Serialized files (Serialized files now loaded: 0)
System memory in use before: 81.7 MB.
System memory in use after: 81.8 MB.

Unloading 4 unused Assets to reduce memory usage. Loaded Objects now: 1895.
Total: 1.387800 ms (FindLiveObjects: 0.134200 ms CreateObjectMapping: 0.032900 ms MarkObjects: 1.210700 ms  DeleteObjects: 0.009300 ms)

========================================================================
Received Prepare
Registering precompiled user dll's ...
Registered in 0.000460 seconds.
Begin MonoManager ReloadAssembly
Native extension for LinuxStandalone target not found
Native extension for WindowsStandalone target not found
Refreshing native plugins compatible for Editor in 0.27 ms, found 0 plugins.
Preloading 0 native plugins for Editor in 0.00 ms.
Mono: successfully reloaded assembly
- Completed reload, in  0.503 seconds
Platform modules already initialized, skipping
Refreshing native plugins compatible for Editor in 0.25 ms, found 0 plugins.
Preloading 0 native plugins for Editor in 0.00 ms.
Unloading 1359 Unused Serialized files (Serialized files now loaded: 0)
System memory in use before: 81.7 MB.
System memory in use after: 81.8 MB.

Unloading 4 unused Assets to reduce memory usage. Loaded Objects now: 1898.
Total: 1.442800 ms (FindLiveObjects: 0.132400 ms CreateObjectMapping: 0.032300 ms MarkObjects: 1.267400 ms  DeleteObjects: 0.010000 ms)

AssetImportWorkerClient::OnTransportError - code=2 error=End of file
